Flutter crash report; please file at https://github.com/flutter/flutter/issues.

## command

flutter doctor

## exception

FileSystemException: FileSystemException: Cannot open file, path = '/opt/flutter/bin/cache/libimobiledevice.stamp' (OS Error: Permission denied, errno = 13)

```
#0      _File.throwIfError (dart:io/file_impl.dart:645:7)
#1      _File.openSync (dart:io/file_impl.dart:489:5)
#2      _File.writeAsBytesSync (dart:io/file_impl.dart:614:31)
#3      _File.writeAsStringSync (dart:io/file_impl.dart:638:5)
#4      ForwardingFile.writeAsStringSync (package:file/src/forwarding/forwarding_file.dart:154:16)
#5      Cache.setStampFor (package:flutter_tools/src/cache.dart:308:35)
#6      CachedArtifact.update (package:flutter_tools/src/cache.dart:463:11)
<asynchronous suspension>
#7      Cache.updateAll (package:flutter_tools/src/cache.dart:360:24)
#8      FlutterCommand.verifyThenRunCommand (package:flutter_tools/src/runner/flutter_command.dart:595:19)
<asynchronous suspension>
#9      FlutterCommand.run.<anonymous closure> (package:flutter_tools/src/runner/flutter_command.dart:515:33)
<asynchronous suspension>
#10     AppContext.run.<anonymous closure> (package:flutter_tools/src/base/context.dart:146:29)
#11     _rootRun (dart:async/zone.dart:1126:13)
#12     _CustomZone.run (dart:async/zone.dart:1023:19)
#13     _runZoned (dart:async/zone.dart:1518:10)
#14     runZoned (dart:async/zone.dart:1465:12)
#15     AppContext.run (package:flutter_tools/src/base/context.dart:145:18)
#16     FlutterCommand.run (package:flutter_tools/src/runner/flutter_command.dart:505:20)
#17     CommandRunner.runCommand (package:args/command_runner.dart:197:27)
#18     FlutterCommandRunner.runCommand.<anonymous closure> (package:flutter_tools/src/runner/flutter_command_runner.dart:413:21)
<asynchronous suspension>
#19     AppContext.run.<anonymous closure> (package:flutter_tools/src/base/context.dart:146:29)
#20     _rootRun (dart:async/zone.dart:1126:13)
#21     _CustomZone.run (dart:async/zone.dart:1023:19)
#22     _runZoned (dart:async/zone.dart:1518:10)
#23     runZoned (dart:async/zone.dart:1465:12)
#24     AppContext.run (package:flutter_tools/src/base/context.dart:145:18)
#25     FlutterCommandRunner.runCommand (package:flutter_tools/src/runner/flutter_command_runner.dart:364:19)
#26     CommandRunner.run.<anonymous closure> (package:args/command_runner.dart:112:25)
#27     new Future.sync (dart:async/future.dart:224:31)
#28     CommandRunner.run (package:args/command_runner.dart:112:14)
#29     FlutterCommandRunner.run (package:flutter_tools/src/runner/flutter_command_runner.dart:250:18)
#30     run.<anonymous closure>.<anonymous closure> (package:flutter_tools/runner.dart:63:22)
#31     _rootRun (dart:async/zone.dart:1126:13)
#32     _CustomZone.run (dart:async/zone.dart:1023:19)
#33     _runZoned (dart:async/zone.dart:1518:10)
#34     runZoned (dart:async/zone.dart:1502:12)
#35     run.<anonymous closure> (package:flutter_tools/runner.dart:61:18)
<asynchronous suspension>
#36     AppContext.run.<anonymous closure> (package:flutter_tools/src/base/context.dart:146:29)
#37     _rootRun (dart:async/zone.dart:1126:13)
#38     _CustomZone.run (dart:async/zone.dart:1023:19)
#39     _runZoned (dart:async/zone.dart:1518:10)
#40     runZoned (dart:async/zone.dart:1465:12)
#41     AppContext.run (package:flutter_tools/src/base/context.dart:145:18)
#42     runInContext (package:flutter_tools/src/context_runner.dart:64:24)
#43     run (package:flutter_tools/runner.dart:50:10)
#44     main (package:flutter_tools/executable.dart:65:9)
#45     main (file:///b/s/w/ir/k/archive/flutter/packages/flutter_tools/bin/flutter_tools.dart:8:3)
#46     _startIsolate.<anonymous closure> (dart:isolate-patch/isolate_patch.dart:305:32)
#47     _RawReceivePortImpl._handleMessage (dart:isolate-patch/isolate_patch.dart:174:12)
```

## flutter doctor

```
[32m[✓][39m Flutter (Channel stable, v1.12.13+hotfix.5, on Linux, locale en_US.UTF-8)
    [32m•[39m Flutter version 1.12.13+hotfix.5 at /opt/flutter
    [32m•[39m Framework revision 27321ebbad (3 weeks ago), 2019-12-10 18:15:01 -0800
    [32m•[39m Engine revision 2994f7e1e6
    [32m•[39m Dart version 2.7.0

[32m[✓][39m Android toolchain - develop for Android devices (Android SDK version 29.0.2)
    [32m•[39m Android SDK at /home/tiago/Android/Sdk
    [32m•[39m Android NDK location not configured (optional; useful for native profiling support)
    [32m•[39m Platform android-29, build-tools 29.0.2
    [32m•[39m Java binary at: /opt/android-studio/jre/bin/java
    [32m•[39m Java version OpenJDK Runtime Environment (build 1.8.0_202-release-1483-b49-5587405)
    [32m•[39m All Android licenses accepted.

[32m[✓][39m Android Studio (version 3.5)
    [32m•[39m Android Studio at /opt/android-studio
    [32m•[39m Flutter plugin version 41.1.2
    [32m•[39m Dart plugin version 191.8593
    [32m•[39m Java version OpenJDK Runtime Environment (build 1.8.0_202-release-1483-b49-5587405)

[33m[!][39m Connected device
    [33m![39m No devices available

[33m![39m Doctor found issues in 1 category.
```
